<?xml version="1.0" encoding="UTF-8"?>
<!-- Generated by org.testng.reporters.JUnitXMLReporter -->
<testsuite ignored="62" hostname="LAPTOP-5HVVEL57" failures="0" tests="1" name="Default test" time="0.1" errors="0" timestamp="2024-02-26T13:35:21 IST">
  <testcase classname="Test.ClassTest" name="lastRepChar" time="0.016"/>
  <testcase classname="Test.ClassTest" name="consOcc" time="0.0">
    <ignored/>
  </testcase> <!-- consOcc -->
  <testcase classname="Test.ClassTest" name="upperToLowerCase" time="0.0">
    <ignored/>
  </testcase> <!-- upperToLowerCase -->
  <testcase classname="Test.ClassTest" name="testnum" time="0.0">
    <ignored/>
  </testcase> <!-- testnum -->
  <testcase classname="Test.ClassTest" name="patternTekion" time="0.0">
    <ignored/>
  </testcase> <!-- patternTekion -->
  <testcase classname="Test.ClassTest" name="test2" time="0.0">
    <ignored/>
  </testcase> <!-- test2 -->
  <testcase classname="Test.ClassTest" name="removechar" time="0.0">
    <ignored/>
  </testcase> <!-- removechar -->
  <testcase classname="Test.ClassTest" name="reverse11" time="0.0">
    <ignored/>
  </testcase> <!-- reverse11 -->
  <testcase classname="Test.ClassTest" name="perfectRotation" time="0.0">
    <ignored/>
  </testcase> <!-- perfectRotation -->
  <testcase classname="Test.ClassTest" name="lastPositionOfRepeatedNum" time="0.0">
    <ignored/>
  </testcase> <!-- lastPositionOfRepeatedNum -->
  <testcase classname="Test.ClassTest" name="firstSecondMini" time="0.0">
    <ignored/>
  </testcase> <!-- firstSecondMini -->
  <testcase classname="Test.ClassTest" name="windowHandle" time="0.0">
    <ignored/>
  </testcase> <!-- windowHandle -->
  <testcase classname="Test.ClassTest" name="sumOfNumInString" time="0.0">
    <ignored/>
  </testcase> <!-- sumOfNumInString -->
  <testcase classname="Test.ClassTest" name="minMaxNum" time="0.0">
    <ignored/>
  </testcase> <!-- minMaxNum -->
  <testcase classname="Test.ClassTest" name="addArray" time="0.0">
    <ignored/>
  </testcase> <!-- addArray -->
  <testcase classname="Test.ClassTest" name="arraydiff" time="0.0">
    <ignored/>
  </testcase> <!-- arraydiff -->
  <testcase classname="Test.ClassTest" name="reverse1" time="0.0">
    <ignored/>
  </testcase> <!-- reverse1 -->
  <testcase classname="Test.ClassTest" name="addNuminstr" time="0.0">
    <ignored/>
  </testcase> <!-- addNuminstr -->
  <testcase classname="Test.ClassTest" name="combination1" time="0.0">
    <ignored/>
  </testcase> <!-- combination1 -->
  <testcase classname="Test.ClassTest" name="largestSubstrWithOutVowels2" time="0.0">
    <ignored/>
  </testcase> <!-- largestSubstrWithOutVowels2 -->
  <testcase classname="Test.ClassTest" name="Occurance" time="0.0">
    <ignored/>
  </testcase> <!-- Occurance -->
  <testcase classname="Test.ClassTest" name="revApha" time="0.0">
    <ignored/>
  </testcase> <!-- revApha -->
  <testcase classname="Test.ClassTest" name="longestSubStringWithoutVowels" time="0.0">
    <ignored/>
  </testcase> <!-- longestSubStringWithoutVowels -->
  <testcase classname="Test.ClassTest" name="main" time="0.0">
    <ignored/>
  </testcase> <!-- main -->
  <testcase classname="Test.ClassTest" name="countOfChar" time="0.0">
    <ignored/>
  </testcase> <!-- countOfChar -->
  <testcase classname="Test.ClassTest" name="sustringProb" time="0.0">
    <ignored/>
  </testcase> <!-- sustringProb -->
  <testcase classname="Test.ClassTest" name="spchar1" time="0.0">
    <ignored/>
  </testcase> <!-- spchar1 -->
  <testcase classname="Test.ClassTest" name="combination" time="0.0">
    <ignored/>
  </testcase> <!-- combination -->
  <testcase classname="Test.ClassTest" name="intii" time="0.0">
    <ignored/>
  </testcase> <!-- intii -->
  <testcase classname="Test.ClassTest" name="isomorphic" time="0.0">
    <ignored/>
  </testcase> <!-- isomorphic -->
  <testcase classname="Test.ClassTest" name="patternTest" time="0.0">
    <ignored/>
  </testcase> <!-- patternTest -->
  <testcase classname="Test.ClassTest" name="occWithPosition" time="0.0">
    <ignored/>
  </testcase> <!-- occWithPosition -->
  <testcase classname="Test.ClassTest" name="occInNextLine" time="0.0">
    <ignored/>
  </testcase> <!-- occInNextLine -->
  <testcase classname="Test.ClassTest" name="sumOfArray" time="0.0">
    <ignored/>
  </testcase> <!-- sumOfArray -->
  <testcase classname="Test.ClassTest" name="reverseEachWord" time="0.0">
    <ignored/>
  </testcase> <!-- reverseEachWord -->
  <testcase classname="Test.ClassTest" name="firstOccChar" time="0.0">
    <ignored/>
  </testcase> <!-- firstOccChar -->
  <testcase classname="Test.ClassTest" name="unique" time="0.0">
    <ignored/>
  </testcase> <!-- unique -->
  <testcase classname="Test.ClassTest" name="printNumContain1" time="0.0">
    <ignored/>
  </testcase> <!-- printNumContain1 -->
  <testcase classname="Test.ClassTest" name="m4" time="0.0">
    <ignored/>
  </testcase> <!-- m4 -->
  <testcase classname="Test.ClassTest" name="oddArray" time="0.0">
    <ignored/>
  </testcase> <!-- oddArray -->
  <testcase classname="Test.ClassTest" name="lastPositionOfRepeatedNumWithMap" time="0.0">
    <ignored/>
  </testcase> <!-- lastPositionOfRepeatedNumWithMap -->
  <testcase classname="Test.ClassTest" name="pattern1" time="0.0">
    <ignored/>
  </testcase> <!-- pattern1 -->
  <testcase classname="Test.ClassTest" name="patternDiamond" time="0.0">
    <ignored/>
  </testcase> <!-- patternDiamond -->
  <testcase classname="Test.ClassTest" name="reverse" time="0.0">
    <ignored/>
  </testcase> <!-- reverse -->
  <testcase classname="Test.ClassTest" name="occuranceMap" time="0.0">
    <ignored/>
  </testcase> <!-- occuranceMap -->
  <testcase classname="Test.ClassTest" name="longestPalindrome" time="0.0">
    <ignored/>
  </testcase> <!-- longestPalindrome -->
  <testcase classname="Test.ClassTest" name="occnum" time="0.0">
    <ignored/>
  </testcase> <!-- occnum -->
  <testcase classname="Test.ClassTest" name="occ3" time="0.0">
    <ignored/>
  </testcase> <!-- occ3 -->
  <testcase classname="Test.ClassTest" name="occOfSubString" time="0.0">
    <ignored/>
  </testcase> <!-- occOfSubString -->
  <testcase classname="Test.ClassTest" name="o9" time="0.0">
    <ignored/>
  </testcase> <!-- o9 -->
  <testcase classname="Test.ClassTest" name="mergeArray" time="0.0">
    <ignored/>
  </testcase> <!-- mergeArray -->
  <testcase classname="Test.ClassTest" name="main1" time="0.0">
    <ignored/>
  </testcase> <!-- main1 -->
  <testcase classname="Test.ClassTest" name="inti" time="0.0">
    <ignored/>
  </testcase> <!-- inti -->
  <testcase classname="Test.ClassTest" name="pattern" time="0.0">
    <ignored/>
  </testcase> <!-- pattern -->
  <testcase classname="Test.ClassTest" name="similarData" time="0.0">
    <ignored/>
  </testcase> <!-- similarData -->
  <testcase classname="Test.ClassTest" name="swapEachWords" time="0.0">
    <ignored/>
  </testcase> <!-- swapEachWords -->
  <testcase classname="Test.ClassTest" name="occPosition" time="0.0">
    <ignored/>
  </testcase> <!-- occPosition -->
  <testcase classname="Test.ClassTest" name="maxSubString" time="0.0">
    <ignored/>
  </testcase> <!-- maxSubString -->
  <testcase classname="Test.ClassTest" name="occ0" time="0.0">
    <ignored/>
  </testcase> <!-- occ0 -->
  <testcase classname="Test.ClassTest" name="printOdd" time="0.0">
    <ignored/>
  </testcase> <!-- printOdd -->
  <testcase classname="Test.ClassTest" name="spaceName" time="0.0">
    <ignored/>
  </testcase> <!-- spaceName -->
  <testcase classname="Test.ClassTest" name="removeCon" time="0.0">
    <ignored/>
  </testcase> <!-- removeCon -->
  <testcase classname="Test.ClassTest" name="occ20" time="0.0">
    <ignored/>
  </testcase> <!-- occ20 -->
</testsuite> <!-- Default test -->
