<?xml version="1.0" encoding="UTF-8"?>
<testng-results ignored="62" total="63" passed="1" failed="0" skipped="0">
  <reporter-output>
  </reporter-output>
  <suite started-at="2024-02-26T13:35:21 IST" name="Default suite" finished-at="2024-02-26T13:35:21 IST" duration-ms="100">
    <groups>
    </groups>
    <test started-at="2024-02-26T13:35:21 IST" name="Default test" finished-at="2024-02-26T13:35:21 IST" duration-ms="100">
      <class name="Test.ClassTest">
        <test-method signature="lastRepChar()[pri:0, instance:Test.ClassTest@62379589]" started-at="2024-02-26T13:35:21 IST" name="lastRepChar" finished-at="2024-02-26T13:35:21 IST" duration-ms="16" status="PASS">
          <reporter-output>
          </reporter-output>
        </test-method> <!-- lastRepChar -->
      </class> <!-- Test.ClassTest -->
    </test> <!-- Default test -->
  </suite> <!-- Default suite -->
</testng-results>
